
 *------------------------------------------------------------------------------------* 
 |                                                                                    | 
 |  *------------------------------------------------------------------------------*  | 
 |  |                                                                              |  | 
 |  |                                                                              |  | 
 |  |   PPP   Y   Y  TTTTT  H   H  III    A      Welcome to the Lund Monte Carlo!  |  | 
 |  |   P  P   Y Y     T    H   H   I    A A     This is PYTHIA version 8.310      |  | 
 |  |   PPP     Y      T    HHHHH   I   AAAAA    Last date of change: 25 Jul 2023  |  | 
 |  |   P       Y      T    H   H   I   A   A                                      |  | 
 |  |   P       Y      T    H   H  III  A   A    Now is 30 Mar 2024 at 21:10:12    |  | 
 |  |                                                                              |  | 
 |  |   Program documentation and an archive of historic versions is found on:     |  | 
 |  |                                                                              |  | 
 |  |                               https://pythia.org/                            |  | 
 |  |                                                                              |  | 
 |  |   PYTHIA is authored by a collaboration consisting of:                       |  | 
 |  |                                                                              |  | 
 |  |   Christian Bierlich, Naomi Cooke, Nishita Desai, Leif Gellersen,            |  | 
 |  |   Ilkka Helenius, Philip Ilten, Leif Lonnblad, Stephen Mrenna,               |  | 
 |  |   Stefan Prestel, Christian Preuss, Torbjorn Sjostrand, Peter Skands,        |  | 
 |  |   Marius Utheim and Rob Verheyen.                                            |  | 
 |  |                                                                              |  | 
 |  |   The complete list of authors, including contact information and            |  | 
 |  |   affiliations, can be found on https://pythia.org/.                         |  | 
 |  |   Problems or bugs should be reported on email at authors@pythia.org.        |  | 
 |  |                                                                              |  | 
 |  |   The main program reference is C. Bierlich et al,                           |  | 
 |  |   'A comprehensive guide to the physics and usage of Pythia 8.3',            |  | 
 |  |   SciPost Phys. Codebases 8-r8.3 (2022) [arXiv:2203.11601 [hep-ph]]          |  | 
 |  |                                                                              |  | 
 |  |   PYTHIA is released under the GNU General Public Licence version 2 or later.|  | 
 |  |   Please respect the MCnet Guidelines for Event Generator Authors and Users. |  | 
 |  |                                                                              |  | 
 |  |   Disclaimer: this program comes without any guarantees.                     |  | 
 |  |   Beware of errors and use common sense when interpreting results.           |  | 
 |  |                                                                              |  | 
 |  |   Copyright (C) 2023 Torbjorn Sjostrand                                      |  | 
 |  |                                                                              |  | 
 |  |                                                                              |  | 
 |  *------------------------------------------------------------------------------*  | 
 |                                                                                    | 
 *------------------------------------------------------------------------------------* 


INFORMATION:
   Forcing PhaseSpace:pTHatMinDiverge to very small
   value 0.05 GeV to prevent aggressive phase-space
   restriction of deep-inelastic scattering configurations.
   Default minimum value of 0.5 GeV may be reinstated from command
   line or input file settings.

NOTE THAT
   2->2 processes in pp collisions require setting PhaseSpace:pTHatMin
   2->2 processes in DIS collisions require setting PhaseSpace:Q2min
   (see details in the ''Phase Space Cuts'' section of the online manual)

 *-------  PYTHIA Process Initialization  --------------------------*
 |                                                                  |
 | We collide p+ with pbar- at a CM energy of 1.960e+03 GeV         |
 |                                                                  |
 |------------------------------------------------------------------|
 |                                                    |             |
 | Subprocess                                    Code |   Estimated |
 |                                                    |    max (mb) |
 |                                                    |             |
 |------------------------------------------------------------------|
 |                                                    |             |
 | Les Houches User Process(es)                  9999 |   5.480e-09 |
 |                                                                  |
 *-------  End PYTHIA Process Initialization -----------------------*

 *-------  PYTHIA Multiparton Interactions Initialization  ---------* 
 |                                                                  | 
 |                   sigmaNonDiffractive =    40.64 mb              | 
 |                                                                  | 
 |    pT0 =  1.73 gives sigmaInteraction =   142.32 mb: accepted    | 
 |                                                                  | 
 *-------  End PYTHIA Multiparton Interactions Initialization  -----* 

 *-------  PYTHIA Flag + Mode + Parm + Word + FVec + MVec + PVec + WVec Settings (changes only)  ------------------* 
 |                                                                                                                 | 
 | Name                                          |                      Now |      Default         Min         Max | 
 |                                               |                          |                                      | 
 | Beams:frameType                               |                        4 |            1           1           5 | 
 | Beams:LHEF                                    |                ttbar.lhe |         void                         | 
 | PhaseSpace:pTHatMinDiverge                    |                0.0500000 |      1.00000     0.50000             | 
 |                                                                                                                 | 
 *-------  End PYTHIA Flag + Mode + Parm + Word + FVec + MVec + PVec + WVec Settings  -----------------------------* 

 --------  PYTHIA Particle Data Table (changed only)  ------------------------------------------------------------------------------
 
      id   name            antiName         spn chg col      m0        mWidth      mMin       mMax       tau0    res dec ext vis wid
             no onMode   bRatio   meMode     products 

 no particle data has been changed from its default value 

 --------  End PYTHIA Particle Data Table  -----------------------------------------------------------------------------------------

 PYTHIA Warning in Pythia::init: be aware that successive calls to init() do not clear previous settings

 *-------  PYTHIA Process Initialization  --------------------------*
 |                                                                  |
 | We collide p+ with pbar- at a CM energy of 1.960e+03 GeV         |
 |                                                                  |
 |------------------------------------------------------------------|
 |                                                    |             |
 | Subprocess                                    Code |   Estimated |
 |                                                    |    max (mb) |
 |                                                    |             |
 |------------------------------------------------------------------|
 |                                                    |             |
 | Les Houches User Process(es)                  9999 |   5.480e-09 |
 |                                                                  |
 *-------  End PYTHIA Process Initialization -----------------------*

 *-------  PYTHIA Flag + Mode + Parm + Word + FVec + MVec + PVec + WVec Settings (changes only)  ------------------* 
 |                                                                                                                 | 
 | Name                                          |                      Now |      Default         Min         Max | 
 |                                               |                          |                                      | 
 | Beams:frameType                               |                        4 |            1           1           5 | 
 | Beams:LHEF                                    |                ttbar.lhe |         void                         | 
 | Check:event                                   |                      off |           on                         | 
 | HadronLevel:all                               |                      off |           on                         | 
 | PartonLevel:FSR                               |                      off |           on                         | 
 | PartonLevel:ISR                               |                      off |           on                         | 
 | PartonLevel:MPI                               |                      off |           on                         | 
 | PartonLevel:Remnants                          |                      off |           on                         | 
 | PhaseSpace:pTHatMinDiverge                    |                0.0500000 |      1.00000     0.50000             | 
 |                                                                                                                 | 
 *-------  End PYTHIA Flag + Mode + Parm + Word + FVec + MVec + PVec + WVec Settings  -----------------------------* 

 --------  PYTHIA Particle Data Table (changed only)  ------------------------------------------------------------------------------
 
      id   name            antiName         spn chg col      m0        mWidth      mMin       mMax       tau0    res dec ext vis wid
             no onMode   bRatio   meMode     products 

 no particle data has been changed from its default value 

 --------  End PYTHIA Particle Data Table  -----------------------------------------------------------------------------------------


 --------  LHA event information and listing  ---------------------------------------------------------------------- 

    process =       81    weight =   1.0000e+00     scale =   1.7331e+02 (GeV) 
                        alpha_em =   7.8198e-03    alpha_strong =   1.1567e-01

    Participating Particles 
    no        id stat     mothers     colours      p_x        p_y        p_z         e          m        tau    spin 
     1         2   -1     0     0   101     0      0.000      0.000    108.382    108.382      0.000   0.000   9.000
     2        -2   -1     0     0     0   102      0.000      0.000   -279.761    279.761      0.000   0.000   9.000
     3         6    2     1     2   101     0     33.629      8.912   -110.596    212.418    177.987   0.000   9.000
     4        -6    2     1     2     0   102    -33.629     -8.912    -60.783    175.725    161.166   0.000   9.000
     5        24    2     3     0     0     0    -30.885    -12.140     -4.785     86.623     79.871   0.000   9.000
     6         5    1     3     0   101     0     64.514     21.052   -105.811    125.794      4.800   0.000   9.000
     7       -24    2     4     0     0     0    -50.940     34.881    -75.292    126.217     80.315   0.000   9.000
     8        -5    1     4     0     0   102     17.311    -43.792     14.509     49.507      4.800   0.000   9.000
     9        -1    1     5     0     0   103     18.584      9.166     18.652     27.882      0.330   0.000   9.000
    10         2    1     5     0   103     0    -49.469    -21.306    -23.437     58.741      0.330   0.000   9.000
    11        13    1     7     0     0     0      9.691     39.074    -25.560     47.687      0.106   0.000   9.000
    12       -14    1     7     0     0     0    -60.632     -4.194    -49.732     78.530      0.000   0.000   9.000

     pdf: id1 =    2 id2 =   -2 x1 = 1.106e-01 x2 = 2.855e-01 scalePDF = 1.733e+02 pdf1 = 5.530e-01 pdf2 = 3.572e-01

 --------  End LHA event information and listing  ------------------------------------------------------------------ 

 --------  PYTHIA Info Listing  ---------------------------------------- 
 
 Beam A: id =   2212, pz =  9.800e+02, e =  9.800e+02, m =  9.383e-01.
 Beam B: id =  -2212, pz = -9.800e+02, e =  9.800e+02, m =  9.383e-01.

 In 1: id =    2, x =  1.106e-01, pdf =  5.530e-01 at Q2 =  3.004e+04.
 In 2: id =   -2, x =  2.855e-01, pdf =  3.572e-01 at same Q2.

 Process Les Houches User Process(es) with code 9999 is 2 -> 2.
 Subprocess user process 81 with code 81 is 2 -> 2.
 It has sHat =  1.213e+05,    tHat = -3.834e+04,    uHat = -2.529e+04,
       pTHat =  3.479e+01,   m3Hat =  1.780e+02,   m4Hat =  1.612e+02,
    thetaHat =  2.065e+00,  phiHat =  2.590e-01.
     alphaEM =  7.820e-03,  alphaS =  1.157e-01    at Q2 =  3.004e+04.

 Impact parameter b =  0.000e+00 gives enhancement factor =  1.000e+00.
 Max pT scale for MPI =  1.960e+03, ISR =  1.960e+03, FSR =  1.960e+03.
 Number of MPI =     1, ISR =     0, FSRproc =     0, FSRreson =     0.

 --------  End PYTHIA Info Listing  ------------------------------------

 --------  PYTHIA Event Listing  (hard process)  -----------------------------------------------------------------------------------
 
    no         id  name            status     mothers   daughters     colours      p_x        p_y        p_z         e          m 
     0         90  (system)           -11     0     0     0     0     0     0      0.000      0.000      0.000   1960.000   1960.000
     1       2212  (p+)               -12     0     0     3     0     0     0      0.000      0.000    980.000    980.000      0.938
     2      -2212  (pbar-)            -12     0     0     4     0     0     0      0.000      0.000   -980.000    980.000      0.938
     3          2  (u)                -21     1     0     5     6   101     0      0.000      0.000    108.382    108.382      0.000
     4         -2  (ubar)             -21     2     0     5     6     0   102      0.000      0.000   -279.761    279.761      0.000
     5          6  (t)                -22     3     4     7     8   101     0     33.629      8.912   -110.596    212.418    177.987
     6         -6  (tbar)             -22     3     4     9    10     0   102    -33.629     -8.912    -60.783    175.725    161.166
     7         24  (W+)               -22     5     0    11    12     0     0    -30.885    -12.140     -4.785     86.623     79.871
     8          5  b                   23     5     0     0     0   101     0     64.514     21.052   -105.811    125.794      4.800
     9        -24  (W-)               -22     6     0    13    14     0     0    -50.940     34.881    -75.292    126.217     80.315
    10         -5  bbar                23     6     0     0     0     0   102     17.311    -43.792     14.509     49.507      4.800
    11         -1  dbar                23     7     0     0     0     0   103     18.584      9.166     18.652     27.882      0.330
    12          2  u                   23     7     0     0     0   103     0    -49.469    -21.306    -23.437     58.741      0.330
    13         13  mu-                 23     9     0     0     0     0     0      9.691     39.074    -25.560     47.687      0.106
    14        -14  nu_mubar            23     9     0     0     0     0     0    -60.632     -4.194    -49.732     78.530      0.000
                                   Charge sum:  0.000           Momentum sum:     -0.000      0.000   -171.379    388.143    348.258

 --------  End PYTHIA Event Listing  -----------------------------------------------------------------------------------------------

 --------  PYTHIA Event Listing  (complete event)  ---------------------------------------------------------------------------------
 
    no         id  name            status     mothers   daughters     colours      p_x        p_y        p_z         e          m 
     0         90  (system)           -11     0     0     0     0     0     0      0.000      0.000      0.000   1960.000   1960.000
     1       2212  (p+)               -12     0     0     3     0     0     0      0.000      0.000    980.000    980.000      0.938
     2      -2212  (pbar-)            -12     0     0     4     0     0     0      0.000      0.000   -980.000    980.000      0.938
     3          2  (u)                -21     1     0     5     6   101     0      0.000      0.000    108.382    108.382      0.000
     4         -2  (ubar)             -21     2     0     5     6     0   102      0.000      0.000   -279.761    279.761      0.000
     5          6  (t)                -22     3     4     7     8   101     0     33.629      8.912   -110.596    212.418    177.987
     6         -6  (tbar)             -22     3     4     9    10     0   102    -33.629     -8.912    -60.783    175.725    161.166
     7         24  (W+)               -22     5     0    11    12     0     0    -30.885    -12.140     -4.785     86.623     79.871
     8          5  b                   23     5     0     0     0   101     0     64.514     21.052   -105.811    125.794      4.800
     9        -24  (W-)               -22     6     0    13    14     0     0    -50.940     34.881    -75.292    126.217     80.315
    10         -5  bbar                23     6     0     0     0     0   102     17.311    -43.792     14.509     49.507      4.800
    11         -1  dbar                23     7     0     0     0     0   103     18.584      9.166     18.652     27.882      0.330
    12          2  u                   23     7     0     0     0   103     0    -49.469    -21.306    -23.437     58.741      0.330
    13         13  mu-                 23     9     0     0     0     0     0      9.691     39.074    -25.560     47.687      0.106
    14        -14  nu_mubar            23     9     0     0     0     0     0    -60.632     -4.194    -49.732     78.530      0.000
                                   Charge sum:  0.000           Momentum sum:     -0.000      0.000   -171.379    388.143    348.258

 --------  End PYTHIA Event Listing  -----------------------------------------------------------------------------------------------
 PYTHIA Abort from Pythia::next: reached end of Les Houches Events File



Start generating events

 *-------  PYTHIA Process Initialization  --------------------------*
 |                                                                  |
 | We collide p+ with pbar- at a CM energy of 1.960e+03 GeV         |
 |                                                                  |
 |------------------------------------------------------------------|
 |                                                    |             |
 | Subprocess                                    Code |   Estimated |
 |                                                    |    max (mb) |
 |                                                    |             |
 |------------------------------------------------------------------|
 |                                                    |             |
 | Les Houches User Process(es)                  9999 |   5.480e-09 |
 |                                                                  |
 *-------  End PYTHIA Process Initialization -----------------------*

 *-------  PYTHIA Multiparton Interactions Initialization  ---------* 
 |                                                                  | 
 |                   sigmaNonDiffractive =    40.64 mb              | 
 |                                                                  | 
 |    pT0 =  1.73 gives sigmaInteraction =   142.32 mb: accepted    | 
 |                                                                  | 
 *-------  End PYTHIA Multiparton Interactions Initialization  -----* 

 *-------  PYTHIA Flag + Mode + Parm + Word + FVec + MVec + PVec + WVec Settings (changes only)  ------------------* 
 |                                                                                                                 | 
 | Name                                          |                      Now |      Default         Min         Max | 
 |                                               |                          |                                      | 
 | Beams:frameType                               |                        4 |            1           1           5 | 
 | Beams:LHEF                                    |                ttbar.lhe |         void                         | 
 | PhaseSpace:pTHatMinDiverge                    |                0.0500000 |      1.00000     0.50000             | 
 |                                                                                                                 | 
 *-------  End PYTHIA Flag + Mode + Parm + Word + FVec + MVec + PVec + WVec Settings  -----------------------------* 

 --------  PYTHIA Particle Data Table (changed only)  ------------------------------------------------------------------------------
 
      id   name            antiName         spn chg col      m0        mWidth      mMin       mMax       tau0    res dec ext vis wid
             no onMode   bRatio   meMode     products 

 no particle data has been changed from its default value 

 --------  End PYTHIA Particle Data Table  -----------------------------------------------------------------------------------------


 Pythia::next(): 1000 events have been generated 
 PYTHIA Warning in StringFragmentation::fragmentToJunction: bad convergence junction rest frame

Summary of individual runs:

Summary of runs #0 :

 *-------  PYTHIA Event and Cross Section Statistics  -------------------------------------------------------------*
 |                                                                                                                 |
 | Subprocess                                    Code |            Number of events       |      sigma +- delta    |
 |                                                    |       Tried   Selected   Accepted |     (estimated) (mb)   |
 |                                                    |                                   |                        |
 |-----------------------------------------------------------------------------------------------------------------|
 |                                                    |                                   |                        |
 | Les Houches User Process(es)                  9999 |         100        100        100 |   5.480e-09  5.488e-10 |
 |    ... whereof user classification code         81 |          94         94         94 |                        | 
 |    ... whereof user classification code         82 |           6          6          6 |                        | 
 |                                                    |                                   |                        |
 | sum                                                |         100        100        100 |   5.480e-09  5.488e-10 |
 |                                                                                                                 |
 *-------  End PYTHIA Event and Cross Section Statistics ----------------------------------------------------------*

 *-------  PYTHIA Error and Warning Messages Statistics  ----------------------------------------------------------* 
 |                                                                                                                 | 
 |  times   message                                                                                                | 
 |                                                                                                                 | 
 |   1800   Abort from Pythia::next: reached end of Les Houches Events File                                        | 
 |      2   Warning in Pythia::init: be aware that successive calls to init() do not clear previous settings       | 
 |      2   Warning in StringFragmentation::fragmentToJunction: bad convergence junction rest frame                | 
 |                                                                                                                 | 
 *-------  End PYTHIA Error and Warning Messages Statistics  ------------------------------------------------------* 

	 Mean shower weight         = 1.000000e+00
	 Variance of shower weight  = 0.000000e+00
	 Inclusive cross section    : 5.480362e-09
	 Cross section after shower : 5.480362e-09

Combination of runs:
	 Mean shower weight         = 1.000000e+00
	 Variance of shower weight  = 0.000000e+00 0.000000e+00
	 Cross section after shower : 5.480362e-09
