013 (7125963.000.000) 01/30 14:01:05 Job was released.
	via condor_release (by user jashley)
...
040 (7125963.000.000) 01/30 14:04:04 Started transferring input files
	Transferring to host: <128.142.248.192:9618?addrs=128.142.248.192-9618+[2001-1458-301-73--100-bf]-9618&alias=b9g23p1177.cern.ch&noUDP&sock=slot1_40_8631_11f8_60665>
...
040 (7125963.000.000) 01/30 14:04:04 Finished transferring input files
...
001 (7125963.000.000) 01/30 14:04:05 Job executing on host: <128.142.248.192:9618?addrs=128.142.248.192-9618+[2001-1458-301-73--100-bf]-9618&alias=b9g23p1177.cern.ch&noUDP&sock=startd_7105_047b>
...
040 (7125963.000.000) 01/30 14:04:06 Started transferring output files
...
040 (7125963.000.000) 01/30 14:04:07 Finished transferring output files
...
005 (7125963.000.000) 01/30 14:04:07 Job terminated.
	(1) Normal termination (return value 0)
		Usr 0 00:00:00, Sys 0 00:00:00  -  Run Remote Usage
		Usr 0 00:00:00, Sys 0 00:00:00  -  Run Local Usage
		Usr 0 00:00:00, Sys 0 00:00:00  -  Total Remote Usage
		Usr 0 00:00:00, Sys 0 00:00:00  -  Total Local Usage
	0  -  Run Bytes Sent By Job
	58  -  Run Bytes Received By Job
	0  -  Total Bytes Sent By Job
	116  -  Total Bytes Received By Job
	Partitionable Resources :    Usage  Request Allocated 
	   Cpus                 :        0        1         1 
	   Disk (KB)            :       22       25   2860644 
	   Memory (MB)          :        2     2000      2000 

	Job terminated of its own accord at 2024-01-30T13:04:05Z.
...
