2.1.2-ae50f/x86_64-cc7-gcc48-dbg/input/mg5_configuration.txt
2.1.2-ae50f/x86_64-cc7-gcc48-opt/input/mg5_configuration.txt
2.1.2-ae50f/x86_64-cc7-gcc49-dbg/input/mg5_configuration.txt
2.1.2-ae50f/x86_64-cc7-gcc49-opt/input/mg5_configuration.txt
2.1.2-ae50f/x86_64-slc6-gcc48-dbg/input/mg5_configuration.txt
2.1.2-ae50f/x86_64-slc6-gcc48-opt/input/mg5_configuration.txt
2.1.2-ae50f/x86_64-slc6-gcc49-dbg/input/mg5_configuration.txt
2.1.2-ae50f/x86_64-slc6-gcc49-opt/input/mg5_configuration.txt
2.1.2-c3c6e/x86_64-slc6-gcc48-dbg/input/mg5_configuration.txt
2.1.2-c3c6e/x86_64-slc6-gcc48-opt/input/mg5_configuration.txt
2.1.2-c3c6e/x86_64-slc6-gcc49-dbg/input/mg5_configuration.txt
2.1.2-c3c6e/x86_64-slc6-gcc49-opt/input/mg5_configuration.txt
2.2.1-b9767/x86_64-cc7-gcc48-dbg/input/mg5_configuration.txt
2.2.1-b9767/x86_64-cc7-gcc48-opt/input/mg5_configuration.txt
2.2.1-b9767/x86_64-cc7-gcc49-dbg/input/mg5_configuration.txt
2.2.1-b9767/x86_64-cc7-gcc49-opt/input/mg5_configuration.txt
2.2.1-b9767/x86_64-slc6-gcc48-dbg/input/mg5_configuration.txt
2.2.1-b9767/x86_64-slc6-gcc48-opt/input/mg5_configuration.txt
2.2.1-b9767/x86_64-slc6-gcc49-dbg/input/mg5_configuration.txt
2.2.1-b9767/x86_64-slc6-gcc49-opt/input/mg5_configuration.txt
2.2.1-cb50b/x86_64-slc6-gcc48-dbg/input/mg5_configuration.txt
2.2.1-cb50b/x86_64-slc6-gcc48-opt/input/mg5_configuration.txt
2.2.1-cb50b/x86_64-slc6-gcc49-dbg/input/mg5_configuration.txt
2.2.1-cb50b/x86_64-slc6-gcc49-opt/input/mg5_configuration.txt
2.2.2-17bf6/x86_64-centos7-gcc49-dbg/input/mg5_configuration.txt
2.2.2-17bf6/x86_64-centos7-gcc49-opt/input/mg5_configuration.txt
2.2.2-17bf6/x86_64-slc6-gcc48-dbg/input/mg5_configuration.txt
2.2.2-17bf6/x86_64-slc6-gcc48-opt/input/mg5_configuration.txt
2.2.2-17bf6/x86_64-slc6-gcc49-dbg/input/mg5_configuration.txt
2.2.2-17bf6/x86_64-slc6-gcc49-opt/input/mg5_configuration.txt
2.2.2-190e4/x86_64-cc7-gcc48-dbg/input/mg5_configuration.txt
2.2.2-190e4/x86_64-cc7-gcc48-opt/input/mg5_configuration.txt
2.2.2-190e4/x86_64-cc7-gcc49-dbg/input/mg5_configuration.txt
2.2.2-190e4/x86_64-cc7-gcc49-opt/input/mg5_configuration.txt
2.2.2-190e4/x86_64-slc6-gcc48-dbg/input/mg5_configuration.txt
2.2.2-190e4/x86_64-slc6-gcc48-opt/input/mg5_configuration.txt
2.2.2-190e4/x86_64-slc6-gcc49-dbg/input/mg5_configuration.txt
2.2.2-190e4/x86_64-slc6-gcc49-opt/input/mg5_configuration.txt
2.2.2-1b546/x86_64-slc6-gcc48-dbg/input/mg5_configuration.txt
2.2.2-1b546/x86_64-slc6-gcc48-opt/input/mg5_configuration.txt
2.2.2-1b546/x86_64-slc6-gcc49-dbg/input/mg5_configuration.txt
2.2.2-1b546/x86_64-slc6-gcc49-opt/input/mg5_configuration.txt
2.2.2-7a154/x86_64-centos7-gcc49-dbg/input/mg5_configuration.txt
2.2.2-7a154/x86_64-centos7-gcc49-opt/input/mg5_configuration.txt
2.2.2-7a154/x86_64-slc6-gcc48-dbg/input/mg5_configuration.txt
2.2.2-7a154/x86_64-slc6-gcc48-opt/input/mg5_configuration.txt
2.2.2-7a154/x86_64-slc6-gcc49-dbg/input/mg5_configuration.txt
2.2.2-7a154/x86_64-slc6-gcc49-opt/input/mg5_configuration.txt
2.2.2-cbf13/x86_64-slc6-gcc48-dbg/input/mg5_configuration.txt
2.2.2-cbf13/x86_64-slc6-gcc48-opt/input/mg5_configuration.txt
2.2.2-cbf13/x86_64-slc6-gcc49-dbg/input/mg5_configuration.txt
2.2.2-cbf13/x86_64-slc6-gcc49-opt/input/mg5_configuration.txt
2.3.3-49d9e/x86_64-slc6-gcc48-dbg/input/mg5_configuration.txt
2.3.3-49d9e/x86_64-slc6-gcc48-opt/input/mg5_configuration.txt
2.3.3-49d9e/x86_64-slc6-gcc49-dbg/input/mg5_configuration.txt
2.3.3-49d9e/x86_64-slc6-gcc49-opt/input/mg5_configuration.txt
2.3.3-83562/x86_64-centos7-gcc49-dbg/input/mg5_configuration.txt
2.3.3-83562/x86_64-centos7-gcc49-opt/input/mg5_configuration.txt
2.3.3-83562/x86_64-slc6-gcc48-dbg/input/mg5_configuration.txt
2.3.3-83562/x86_64-slc6-gcc48-opt/input/mg5_configuration.txt
2.3.3-83562/x86_64-slc6-gcc49-dbg/input/mg5_configuration.txt
2.3.3-83562/x86_64-slc6-gcc49-opt/input/mg5_configuration.txt
2.3.3-c98f5/x86_64-slc6-gcc48-dbg/input/mg5_configuration.txt
2.3.3-c98f5/x86_64-slc6-gcc48-opt/input/mg5_configuration.txt
2.3.3-c98f5/x86_64-slc6-gcc49-dbg/input/mg5_configuration.txt
2.3.3-c98f5/x86_64-slc6-gcc49-opt/input/mg5_configuration.txt
2.3.3-f662b/x86_64-slc6-gcc48-dbg/input/mg5_configuration.txt
2.3.3-f662b/x86_64-slc6-gcc48-opt/input/mg5_configuration.txt
2.3.3-f662b/x86_64-slc6-gcc49-dbg/input/mg5_configuration.txt
2.3.3-f662b/x86_64-slc6-gcc49-opt/input/mg5_configuration.txt
2.3.3-f87ce/x86_64-centos7-gcc49-dbg/input/mg5_configuration.txt
2.3.3-f87ce/x86_64-centos7-gcc49-opt/input/mg5_configuration.txt
2.3.3-f87ce/x86_64-slc6-gcc48-dbg/input/mg5_configuration.txt
2.3.3-f87ce/x86_64-slc6-gcc48-opt/input/mg5_configuration.txt
2.3.3-f87ce/x86_64-slc6-gcc49-dbg/input/mg5_configuration.txt
2.3.3-f87ce/x86_64-slc6-gcc49-opt/input/mg5_configuration.txt
2.4.0-1eaca/x86_64-slc6-gcc48-dbg/input/mg5_configuration.txt
2.4.0-1eaca/x86_64-slc6-gcc48-opt/input/mg5_configuration.txt
2.4.0-1eaca/x86_64-slc6-gcc49-dbg/input/mg5_configuration.txt
2.4.0-1eaca/x86_64-slc6-gcc49-opt/input/mg5_configuration.txt
2.4.0-1ece0/x86_64-slc6-gcc49-dbg/input/mg5_configuration.txt
2.4.0-1ece0/x86_64-slc6-gcc49-opt/input/mg5_configuration.txt
2.4.0-5aadc/x86_64-centos7-gcc62-dbg/input/mg5_configuration.txt
2.4.0-5aadc/x86_64-centos7-gcc62-opt/input/mg5_configuration.txt
2.4.0-5aadc/x86_64-slc6-gcc49-dbg/input/mg5_configuration.txt
2.4.0-5aadc/x86_64-slc6-gcc49-opt/input/mg5_configuration.txt
2.4.0-5aadc/x86_64-slc6-gcc62-dbg/input/mg5_configuration.txt
2.4.0-5aadc/x86_64-slc6-gcc62-opt/input/mg5_configuration.txt
2.4.0-5aadc/x86_64-ubuntu1604-gcc54-dbg/input/mg5_configuration.txt
2.4.0-5aadc/x86_64-ubuntu1604-gcc54-opt/input/mg5_configuration.txt
2.4.0-7bad1/x86_64-centos7-gcc49-dbg/input/mg5_configuration.txt
2.4.0-7bad1/x86_64-centos7-gcc49-opt/input/mg5_configuration.txt
2.4.0-7bad1/x86_64-slc6-gcc49-dbg/input/mg5_configuration.txt
2.4.0-7bad1/x86_64-slc6-gcc49-opt/input/mg5_configuration.txt
2.4.0-7bad1/x86_64-ubuntu1404-gcc48-dbg/input/mg5_configuration.txt
2.4.0-7bad1/x86_64-ubuntu1404-gcc48-opt/input/mg5_configuration.txt
2.4.0-805b2/x86_64-centos7-gcc49-dbg/input/mg5_configuration.txt
2.4.0-805b2/x86_64-centos7-gcc49-opt/input/mg5_configuration.txt
2.4.0-805b2/x86_64-slc6-gcc48-dbg/input/mg5_configuration.txt
2.4.0-805b2/x86_64-slc6-gcc48-opt/input/mg5_configuration.txt
2.4.0-805b2/x86_64-slc6-gcc49-dbg/input/mg5_configuration.txt
2.4.0-805b2/x86_64-slc6-gcc49-opt/input/mg5_configuration.txt
2.4.0.atlas-12522/x86_64-slc6-gcc49-dbg/input/mg5_configuration.txt
2.4.0.atlas-12522/x86_64-slc6-gcc49-opt/input/mg5_configuration.txt
2.4.0.atlas-13183/x86_64-centos7-gcc49-dbg/input/mg5_configuration.txt
2.4.0.atlas-13183/x86_64-centos7-gcc49-opt/input/mg5_configuration.txt
2.4.0.atlas-13183/x86_64-slc6-gcc48-dbg/input/mg5_configuration.txt
2.4.0.atlas-13183/x86_64-slc6-gcc48-opt/input/mg5_configuration.txt
2.4.0.atlas-13183/x86_64-slc6-gcc49-dbg/input/mg5_configuration.txt
2.4.0.atlas-13183/x86_64-slc6-gcc49-opt/input/mg5_configuration.txt
2.4.0.atlas-3df88/x86_64-slc6-gcc48-dbg/input/mg5_configuration.txt
2.4.0.atlas-3df88/x86_64-slc6-gcc48-opt/input/mg5_configuration.txt
2.4.0.atlas-3df88/x86_64-slc6-gcc49-dbg/input/mg5_configuration.txt
2.4.0.atlas-3df88/x86_64-slc6-gcc49-opt/input/mg5_configuration.txt
2.4.0.atlas-f522e/x86_64-slc6-gcc48-dbg/input/mg5_configuration.txt
2.4.0.atlas-f522e/x86_64-slc6-gcc48-opt/input/mg5_configuration.txt
2.4.0.atlas-f522e/x86_64-slc6-gcc49-dbg/input/mg5_configuration.txt
2.4.0.atlas-f522e/x86_64-slc6-gcc49-opt/input/mg5_configuration.txt
2.4.0-b448f/x86_64-centos7-gcc62-dbg/input/mg5_configuration.txt
2.4.0-b448f/x86_64-centos7-gcc62-opt/input/mg5_configuration.txt
2.4.0-b448f/x86_64-slc6-gcc49-dbg/input/mg5_configuration.txt
2.4.0-b448f/x86_64-slc6-gcc49-opt/input/mg5_configuration.txt
2.4.0-b448f/x86_64-slc6-gcc62-dbg/input/mg5_configuration.txt
2.4.0-b448f/x86_64-slc6-gcc62-opt/input/mg5_configuration.txt
2.4.0-b448f/x86_64-ubuntu1604-gcc54-dbg/input/mg5_configuration.txt
2.4.0-b448f/x86_64-ubuntu1604-gcc54-opt/input/mg5_configuration.txt
2.4.0-c07fc/x86_64-centos7-gcc62-dbg/input/mg5_configuration.txt
2.4.0-c07fc/x86_64-centos7-gcc62-opt/input/mg5_configuration.txt
2.4.0-c07fc/x86_64-slc6-gcc49-dbg/input/mg5_configuration.txt
2.4.0-c07fc/x86_64-slc6-gcc49-opt/input/mg5_configuration.txt
2.4.0-c07fc/x86_64-slc6-gcc62-dbg/input/mg5_configuration.txt
2.4.0-c07fc/x86_64-slc6-gcc62-opt/input/mg5_configuration.txt
2.4.0-c07fc/x86_64-ubuntu1604-gcc54-opt/input/mg5_configuration.txt
2.4.0-d5810/x86_64-centos7-gcc62-dbg/input/mg5_configuration.txt
2.4.0-d5810/x86_64-centos7-gcc62-opt/input/mg5_configuration.txt
2.4.0-d5810/x86_64-slc6-gcc49-dbg/input/mg5_configuration.txt
2.4.0-d5810/x86_64-slc6-gcc49-opt/input/mg5_configuration.txt
2.4.0-d5810/x86_64-slc6-gcc62-dbg/input/mg5_configuration.txt
2.4.0-d5810/x86_64-slc6-gcc62-opt/input/mg5_configuration.txt
2.4.0-f4767/x86_64-slc6-gcc48-dbg/input/mg5_configuration.txt
2.4.0-f4767/x86_64-slc6-gcc48-opt/input/mg5_configuration.txt
2.4.0-f4767/x86_64-slc6-gcc49-dbg/input/mg5_configuration.txt
2.4.0-f4767/x86_64-slc6-gcc49-opt/input/mg5_configuration.txt
2.4.0p1-3f736/x86_64-slc6-gcc48-dbg/input/mg5_configuration.txt
2.4.0p1-3f736/x86_64-slc6-gcc48-opt/input/mg5_configuration.txt
2.4.0p1-3f736/x86_64-slc6-gcc49-dbg/input/mg5_configuration.txt
2.4.0p1-3f736/x86_64-slc6-gcc49-opt/input/mg5_configuration.txt
2.4.0p1-3fbad/x86_64-centos7-gcc49-dbg/input/mg5_configuration.txt
2.4.0p1-3fbad/x86_64-centos7-gcc49-opt/input/mg5_configuration.txt
2.4.0p1-3fbad/x86_64-slc6-gcc48-dbg/input/mg5_configuration.txt
2.4.0p1-3fbad/x86_64-slc6-gcc48-opt/input/mg5_configuration.txt
2.4.0p1-3fbad/x86_64-slc6-gcc49-dbg/input/mg5_configuration.txt
2.4.0p1-3fbad/x86_64-slc6-gcc49-opt/input/mg5_configuration.txt
2.4.0p1-ab3c3/x86_64-slc6-gcc49-dbg/input/mg5_configuration.txt
2.4.0p1-ab3c3/x86_64-slc6-gcc49-opt/input/mg5_configuration.txt
2.4.0p1.atlas-10f54/x86_64-centos7-gcc49-dbg/input/mg5_configuration.txt
2.4.0p1.atlas-10f54/x86_64-centos7-gcc49-opt/input/mg5_configuration.txt
2.4.0p1.atlas-10f54/x86_64-slc6-gcc48-dbg/input/mg5_configuration.txt
2.4.0p1.atlas-10f54/x86_64-slc6-gcc48-opt/input/mg5_configuration.txt
2.4.0p1.atlas-10f54/x86_64-slc6-gcc49-dbg/input/mg5_configuration.txt
2.4.0p1.atlas-10f54/x86_64-slc6-gcc49-opt/input/mg5_configuration.txt
2.4.0p1.atlas-7a2dc/x86_64-slc6-gcc49-dbg/input/mg5_configuration.txt
2.4.0p1.atlas-7a2dc/x86_64-slc6-gcc49-opt/input/mg5_configuration.txt
2.4.0p1.atlas-cb377/x86_64-slc6-gcc48-dbg/input/mg5_configuration.txt
2.4.0p1.atlas-cb377/x86_64-slc6-gcc48-opt/input/mg5_configuration.txt
2.4.0p1.atlas-cb377/x86_64-slc6-gcc49-dbg/input/mg5_configuration.txt
2.4.0p1.atlas-cb377/x86_64-slc6-gcc49-opt/input/mg5_configuration.txt
2.4.2-0a3ef/x86_64-centos7-gcc62-dbg/input/mg5_configuration.txt
2.4.2-0a3ef/x86_64-centos7-gcc62-opt/input/mg5_configuration.txt
2.4.2-0a3ef/x86_64-slc6-gcc49-dbg/input/mg5_configuration.txt
2.4.2-0a3ef/x86_64-slc6-gcc49-opt/input/mg5_configuration.txt
2.4.2-0a3ef/x86_64-slc6-gcc62-dbg/input/mg5_configuration.txt
2.4.2-0a3ef/x86_64-slc6-gcc62-opt/input/mg5_configuration.txt
2.4.2-0a3ef/x86_64-ubuntu1604-gcc54-dbg/input/mg5_configuration.txt
2.4.2-0a3ef/x86_64-ubuntu1604-gcc54-opt/input/mg5_configuration.txt
2.4.2-0c421/x86_64-centos7-gcc62-dbg/input/mg5_configuration.txt
2.4.2-0c421/x86_64-centos7-gcc62-opt/input/mg5_configuration.txt
2.4.2-0c421/x86_64-slc6-gcc49-dbg/input/mg5_configuration.txt
2.4.2-0c421/x86_64-slc6-gcc49-opt/input/mg5_configuration.txt
2.4.2-0c421/x86_64-slc6-gcc62-dbg/input/mg5_configuration.txt
2.4.2-0c421/x86_64-slc6-gcc62-opt/input/mg5_configuration.txt
2.4.2-83a81/x86_64-centos7-gcc49-dbg/input/mg5_configuration.txt
2.4.2-83a81/x86_64-centos7-gcc49-opt/input/mg5_configuration.txt
2.4.2-83a81/x86_64-slc6-gcc48-dbg/input/mg5_configuration.txt
2.4.2-83a81/x86_64-slc6-gcc48-opt/input/mg5_configuration.txt
2.4.2-83a81/x86_64-slc6-gcc49-dbg/input/mg5_configuration.txt
2.4.2-83a81/x86_64-slc6-gcc49-opt/input/mg5_configuration.txt
2.4.2-a13fd/x86_64-centos7-gcc62-dbg/input/mg5_configuration.txt
2.4.2-a13fd/x86_64-centos7-gcc62-opt/input/mg5_configuration.txt
2.4.2-a13fd/x86_64-slc6-gcc49-dbg/input/mg5_configuration.txt
2.4.2-a13fd/x86_64-slc6-gcc49-opt/input/mg5_configuration.txt
2.4.2-a13fd/x86_64-slc6-gcc62-dbg/input/mg5_configuration.txt
2.4.2-a13fd/x86_64-slc6-gcc62-opt/input/mg5_configuration.txt
2.4.2-a13fd/x86_64-ubuntu1604-gcc54-opt/input/mg5_configuration.txt
2.4.2.atlas-62d40/x86_64-slc6-gcc48-dbg/input/mg5_configuration.txt
2.4.2.atlas-62d40/x86_64-slc6-gcc48-opt/input/mg5_configuration.txt
2.4.2.atlas-62d40/x86_64-slc6-gcc49-dbg/input/mg5_configuration.txt
2.4.2.atlas-62d40/x86_64-slc6-gcc49-opt/input/mg5_configuration.txt
2.4.2.atlas-cdf15/x86_64-centos7-gcc49-dbg/input/mg5_configuration.txt
2.4.2.atlas-cdf15/x86_64-centos7-gcc49-opt/input/mg5_configuration.txt
2.4.2.atlas-cdf15/x86_64-slc6-gcc48-dbg/input/mg5_configuration.txt
2.4.2.atlas-cdf15/x86_64-slc6-gcc48-opt/input/mg5_configuration.txt
2.4.2.atlas-cdf15/x86_64-slc6-gcc49-dbg/input/mg5_configuration.txt
2.4.2.atlas-cdf15/x86_64-slc6-gcc49-opt/input/mg5_configuration.txt
2.4.2.atlas-e395c/x86_64-slc6-gcc48-dbg/input/mg5_configuration.txt
2.4.2.atlas-e395c/x86_64-slc6-gcc48-opt/input/mg5_configuration.txt
2.4.2.atlas-e395c/x86_64-slc6-gcc49-dbg/input/mg5_configuration.txt
2.4.2.atlas-e395c/x86_64-slc6-gcc49-opt/input/mg5_configuration.txt
2.4.2-bad1e/x86_64-slc6-gcc48-dbg/input/mg5_configuration.txt
2.4.2-bad1e/x86_64-slc6-gcc48-opt/input/mg5_configuration.txt
2.4.2-bad1e/x86_64-slc6-gcc49-dbg/input/mg5_configuration.txt
2.4.2-bad1e/x86_64-slc6-gcc49-opt/input/mg5_configuration.txt
2.4.2-bca6e/x86_64-centos7-gcc49-dbg/input/mg5_configuration.txt
2.4.2-bca6e/x86_64-centos7-gcc49-opt/input/mg5_configuration.txt
2.4.2-bca6e/x86_64-slc6-gcc49-dbg/input/mg5_configuration.txt
2.4.2-bca6e/x86_64-slc6-gcc49-opt/input/mg5_configuration.txt
2.4.2-bca6e/x86_64-ubuntu1404-gcc48-dbg/input/mg5_configuration.txt
2.4.2-bca6e/x86_64-ubuntu1404-gcc48-opt/input/mg5_configuration.txt
2.4.2-f2a78/x86_64-slc6-gcc48-dbg/input/mg5_configuration.txt
2.4.2-f2a78/x86_64-slc6-gcc48-opt/input/mg5_configuration.txt
2.4.2-f2a78/x86_64-slc6-gcc49-dbg/input/mg5_configuration.txt
2.4.2-f2a78/x86_64-slc6-gcc49-opt/input/mg5_configuration.txt
2.4.2-fadf2/x86_64-centos7-gcc62-dbg/input/mg5_configuration.txt
2.4.2-fadf2/x86_64-centos7-gcc62-opt/input/mg5_configuration.txt
2.4.2-fadf2/x86_64-slc6-gcc49-dbg/input/mg5_configuration.txt
2.4.2-fadf2/x86_64-slc6-gcc49-opt/input/mg5_configuration.txt
2.4.2-fadf2/x86_64-slc6-gcc62-dbg/input/mg5_configuration.txt
2.4.2-fadf2/x86_64-slc6-gcc62-opt/input/mg5_configuration.txt
2.4.2-fadf2/x86_64-ubuntu1604-gcc54-dbg/input/mg5_configuration.txt
2.4.2-fadf2/x86_64-ubuntu1604-gcc54-opt/input/mg5_configuration.txt
2.4.3-1a1d2/x86_64-slc6-gcc48-dbg/input/mg5_configuration.txt
2.4.3-1a1d2/x86_64-slc6-gcc48-opt/input/mg5_configuration.txt
2.4.3-1a1d2/x86_64-slc6-gcc49-dbg/input/mg5_configuration.txt
2.4.3-1a1d2/x86_64-slc6-gcc49-opt/input/mg5_configuration.txt
2.4.3-49c24/x86_64-centos7-gcc62-dbg/input/mg5_configuration.txt
2.4.3-49c24/x86_64-centos7-gcc62-opt/input/mg5_configuration.txt
2.4.3-49c24/x86_64-slc6-gcc49-dbg/input/mg5_configuration.txt
2.4.3-49c24/x86_64-slc6-gcc49-opt/input/mg5_configuration.txt
2.4.3-49c24/x86_64-slc6-gcc62-dbg/input/mg5_configuration.txt
2.4.3-49c24/x86_64-slc6-gcc62-opt/input/mg5_configuration.txt
2.4.3-49c24/x86_64-ubuntu1604-gcc54-dbg/input/mg5_configuration.txt
2.4.3-49c24/x86_64-ubuntu1604-gcc54-opt/input/mg5_configuration.txt
2.4.3-5198c/x86_64-centos7-gcc49-dbg/input/mg5_configuration.txt
2.4.3-5198c/x86_64-centos7-gcc49-opt/input/mg5_configuration.txt
2.4.3-5198c/x86_64-slc6-gcc48-dbg/input/mg5_configuration.txt
2.4.3-5198c/x86_64-slc6-gcc48-opt/input/mg5_configuration.txt
2.4.3-5198c/x86_64-slc6-gcc49-dbg/input/mg5_configuration.txt
2.4.3-5198c/x86_64-slc6-gcc49-opt/input/mg5_configuration.txt
2.4.3-a9ac5/x86_64-slc6-gcc48-dbg/input/mg5_configuration.txt
2.4.3-a9ac5/x86_64-slc6-gcc48-opt/input/mg5_configuration.txt
2.4.3-a9ac5/x86_64-slc6-gcc49-dbg/input/mg5_configuration.txt
2.4.3-a9ac5/x86_64-slc6-gcc49-opt/input/mg5_configuration.txt
2.4.3.atlas-2ab82/x86_64-centos7-gcc49-dbg/input/mg5_configuration.txt
2.4.3.atlas-2ab82/x86_64-centos7-gcc49-opt/input/mg5_configuration.txt
2.4.3.atlas-2ab82/x86_64-slc6-gcc49-dbg/input/mg5_configuration.txt
2.4.3.atlas-2ab82/x86_64-slc6-gcc49-opt/input/mg5_configuration.txt
2.4.3.atlas-2ab82/x86_64-ubuntu1404-gcc48-dbg/input/mg5_configuration.txt
2.4.3.atlas-2ab82/x86_64-ubuntu1404-gcc48-opt/input/mg5_configuration.txt
2.4.3.atlas-3d3a0/x86_64-centos7-gcc62-dbg/input/mg5_configuration.txt
2.4.3.atlas-3d3a0/x86_64-centos7-gcc62-opt/input/mg5_configuration.txt
2.4.3.atlas-3d3a0/x86_64-slc6-gcc49-dbg/input/mg5_configuration.txt
2.4.3.atlas-3d3a0/x86_64-slc6-gcc49-opt/input/mg5_configuration.txt
2.4.3.atlas-3d3a0/x86_64-slc6-gcc62-dbg/input/mg5_configuration.txt
2.4.3.atlas-3d3a0/x86_64-slc6-gcc62-opt/input/mg5_configuration.txt
2.4.3.atlas-3d3a0/x86_64-ubuntu1604-gcc54-dbg/input/mg5_configuration.txt
2.4.3.atlas-3d3a0/x86_64-ubuntu1604-gcc54-opt/input/mg5_configuration.txt
2.4.3.atlas-67792/x86_64-centos7-gcc62-dbg/input/mg5_configuration.txt
2.4.3.atlas-67792/x86_64-centos7-gcc62-opt/input/mg5_configuration.txt
2.4.3.atlas-67792/x86_64-centos7-gcc7-dbg/input/mg5_configuration.txt
2.4.3.atlas-67792/x86_64-centos7-gcc7-opt/input/mg5_configuration.txt
2.4.3.atlas-67792/x86_64-slc6-gcc62-dbg/input/mg5_configuration.txt
2.4.3.atlas-67792/x86_64-slc6-gcc62-opt/input/mg5_configuration.txt
2.4.3.atlas-67792/x86_64-slc6-gcc7-dbg/input/mg5_configuration.txt
2.4.3.atlas-67792/x86_64-slc6-gcc7-opt/input/mg5_configuration.txt
2.4.3.atlas-67792/x86_64-ubuntu1604-gcc54-dbg/input/mg5_configuration.txt
2.4.3.atlas-67792/x86_64-ubuntu1604-gcc54-opt/input/mg5_configuration.txt
2.4.3.atlas-69917/x86_64-slc6-gcc48-dbg/input/mg5_configuration.txt
2.4.3.atlas-69917/x86_64-slc6-gcc48-opt/input/mg5_configuration.txt
2.4.3.atlas-69917/x86_64-slc6-gcc49-dbg/input/mg5_configuration.txt
2.4.3.atlas-69917/x86_64-slc6-gcc49-opt/input/mg5_configuration.txt
2.4.3.atlas-84b0e/x86_64-slc6-gcc62-dbg/input/mg5_configuration.txt
2.4.3.atlas-84b0e/x86_64-slc6-gcc62-opt/input/mg5_configuration.txt
2.4.3.atlas-84b0e/x86_64-ubuntu1604-gcc54-dbg/input/mg5_configuration.txt
2.4.3.atlas-84b0e/x86_64-ubuntu1604-gcc54-opt/input/mg5_configuration.txt
2.4.3.atlas-a3ba7/x86_64-centos7-gcc62-dbg/input/mg5_configuration.txt
2.4.3.atlas-a3ba7/x86_64-centos7-gcc62-opt/input/mg5_configuration.txt
2.4.3.atlas-a3ba7/x86_64-centos7-gcc7-dbg/input/mg5_configuration.txt
2.4.3.atlas-a3ba7/x86_64-centos7-gcc7-opt/input/mg5_configuration.txt
2.4.3.atlas-a3ba7/x86_64-slc6-gcc62-dbg/input/mg5_configuration.txt
2.4.3.atlas-a3ba7/x86_64-slc6-gcc62-opt/input/mg5_configuration.txt
2.4.3.atlas-a3ba7/x86_64-slc6-gcc7-dbg/input/mg5_configuration.txt
2.4.3.atlas-a3ba7/x86_64-slc6-gcc7-opt/input/mg5_configuration.txt
2.4.3.atlas-a3ba7/x86_64-ubuntu1604-gcc54-dbg/input/mg5_configuration.txt
2.4.3.atlas-a3ba7/x86_64-ubuntu1604-gcc54-opt/input/mg5_configuration.txt
2.4.3.atlas-a4bd9/x86_64-centos7-gcc62-dbg/input/mg5_configuration.txt
2.4.3.atlas-a4bd9/x86_64-centos7-gcc62-opt/input/mg5_configuration.txt
2.4.3.atlas-a4bd9/x86_64-centos7-gcc7-dbg/input/mg5_configuration.txt
2.4.3.atlas-a4bd9/x86_64-centos7-gcc7-opt/input/mg5_configuration.txt
2.4.3.atlas-a4bd9/x86_64-slc6-gcc62-dbg/input/mg5_configuration.txt
2.4.3.atlas-a4bd9/x86_64-slc6-gcc62-opt/input/mg5_configuration.txt
2.4.3.atlas-a4bd9/x86_64-ubuntu1604-gcc54-dbg/input/mg5_configuration.txt
2.4.3.atlas-a4bd9/x86_64-ubuntu1604-gcc54-opt/input/mg5_configuration.txt
2.4.3.atlas-b375e/x86_64-slc6-gcc48-dbg/input/mg5_configuration.txt
2.4.3.atlas-b375e/x86_64-slc6-gcc48-opt/input/mg5_configuration.txt
2.4.3.atlas-b375e/x86_64-slc6-gcc49-dbg/input/mg5_configuration.txt
2.4.3.atlas-b375e/x86_64-slc6-gcc49-opt/input/mg5_configuration.txt
2.4.3.atlas-d2f35/x86_64-centos7-gcc49-dbg/input/mg5_configuration.txt
2.4.3.atlas-d2f35/x86_64-centos7-gcc49-opt/input/mg5_configuration.txt
2.4.3.atlas-d2f35/x86_64-slc6-gcc48-dbg/input/mg5_configuration.txt
2.4.3.atlas-d2f35/x86_64-slc6-gcc48-opt/input/mg5_configuration.txt
2.4.3.atlas-d2f35/x86_64-slc6-gcc49-dbg/input/mg5_configuration.txt
2.4.3.atlas-d2f35/x86_64-slc6-gcc49-opt/input/mg5_configuration.txt
2.4.3-fc8ad/x86_64-centos7-gcc49-dbg/input/mg5_configuration.txt
2.4.3-fc8ad/x86_64-centos7-gcc49-opt/input/mg5_configuration.txt
2.4.3-fc8ad/x86_64-slc6-gcc49-dbg/input/mg5_configuration.txt
2.4.3-fc8ad/x86_64-slc6-gcc49-opt/input/mg5_configuration.txt
2.4.3-fc8ad/x86_64-ubuntu1404-gcc48-dbg/input/mg5_configuration.txt
2.4.3-fc8ad/x86_64-ubuntu1404-gcc48-opt/input/mg5_configuration.txt
